30-Dec-2023 03:30:00 cannot find ref img30-Dec-2023 04:14:06 [[D:\Github\GardenImgDB\__75.jpg]] created!
30-Dec-2023 04:14:07 copy metadata from D:\Github\GardenImgDB\P-FixingImg-big\75.jpg | use img D:\Github\GardenImgDB\__75.jpg to D:\Github\GardenImgDB\__75.jpg
30-Dec-2023 04:14:29 [[D:\Github\GardenImgDB\__75.jpg]] created!
30-Dec-2023 04:14:30 copy metadata from D:\Github\GardenImgDB\P-FixingImg-big\75.jpg | use img D:\Github\GardenImgDB\__75.jpg to D:\Github\GardenImgDB\__75.jpg
30-Dec-2023 04:15:00 [[D:\Github\GardenImgDB\__75.jpg]] created!
30-Dec-2023 04:15:01 copy metadata from D:\Github\GardenImgDB\P-FixingImg-big\75.jpg | use img D:\Github\GardenImgDB\__75.jpg to D:\Github\GardenImgDB\__75.jpg
30-Dec-2023 04:15:26 [[D:\Github\GardenImgDB\__75.jpg]] created!
30-Dec-2023 04:15:27 copy metadata from D:\Github\GardenImgDB\P-FixingImg-big\75.jpg | use img D:\Github\GardenImgDB\__75.jpg to D:\Github\GardenImgDB\__75.jpg
30-Dec-2023 04:15:39 [[D:\Github\GardenImgDB\__75.jpg]] created!
30-Dec-2023 04:15:39 copy metadata from D:\Github\GardenImgDB\P-FixingImg-big\75.jpg | use img D:\Github\GardenImgDB\__75.jpg to D:\Github\GardenImgDB\__75.jpg
30-Dec-2023 04:15:46 [[D:\Github\GardenImgDB\__75.jpg]] created!
30-Dec-2023 04:15:47 copy metadata from D:\Github\GardenImgDB\P-FixingImg-big\75.jpg | use img D:\Github\GardenImgDB\__75.jpg to D:\Github\GardenImgDB\__75.jpg
30-Dec-2023 04:20:01 remove D:\Github\GardenImgDB\__75.jpg!
30-Dec-2023 04:20:05 [[D:\Github\GardenImgDB\__75.jpg]] created!
30-Dec-2023 04:20:06 copy metadata from D:\Github\GardenImgDB\P-FixingImg-big\75.jpg | use img D:\Github\GardenImgDB\__75.jpg to D:\Github\GardenImgDB\__75.jpg
30-Dec-2023 04:21:10 remove D:\Github\GardenImgDB\__75.jpg!
30-Dec-2023 04:21:14 [[D:\Github\GardenImgDB\__75.jpg]] created!
30-Dec-2023 04:21:14 copy metadata from D:\Github\GardenImgDB\P-FixingImg-big\75.jpg | use img D:\Github\GardenImgDB\__75.jpg to D:\Github\GardenImgDB\__75.jpg
30-Dec-2023 04:21:25 remove D:\Github\GardenImgDB\__75.jpg!
30-Dec-2023 04:21:28 [[D:\Github\GardenImgDB\__77.jpg]] created!
30-Dec-2023 04:21:28 copy metadata from D:\Github\GardenImgDB\P-FixingImg-big\77.jpg | use img D:\Github\GardenImgDB\__77.jpg to D:\Github\GardenImgDB\__77.jpg
30-Dec-2023 04:24:02 [[D:\Github\GardenImgDB\__76.jpg]] created!
30-Dec-2023 04:24:02 copy metadata from D:\Github\GardenImgDB\P-FixingImg-big\76.jpg | use img D:\Github\GardenImgDB\__76.jpg to D:\Github\GardenImgDB\__76.jpg
30-Dec-2023 04:25:22 [[D:\Github\GardenImgDB\__75.jpg]] created!
30-Dec-2023 04:25:22 copy metadata from D:\Github\GardenImgDB\P-FixingImg-big\75.jpg | use img D:\Github\GardenImgDB\__75.jpg to D:\Github\GardenImgDB\__75.jpg
30-Dec-2023 04:25:59 remove D:\Github\GardenImgDB\__75.jpg!
30-Dec-2023 04:26:03 [[D:\Github\GardenImgDB\__74.jpg]] created!
30-Dec-2023 04:26:04 copy metadata from D:\Github\GardenImgDB\P-FixingImg-big\74.jpg | use img D:\Github\GardenImgDB\__74.jpg to D:\Github\GardenImgDB\__74.jpg
30-Dec-2023 04:30:44 ref:__77, fix:73 key:15000 factor:0.005
30-Dec-2023 04:30:48 [D:\Github\GardenImgDB\__73.jpg] created!
30-Dec-2023 04:30:48 copy metadata from D:\Github\GardenImgDB\P-FixingImg-big\73.jpg | use img D:\Github\GardenImgDB\__73.jpg to D:\Github\GardenImgDB\__73.jpg
30-Dec-2023 04:31:21 ref:__77, fix:72 key:15000 factor:0.005
30-Dec-2023 04:31:25 [D:\Github\GardenImgDB\__72.jpg] created!
30-Dec-2023 04:31:25 copy metadata from D:\Github\GardenImgDB\P-FixingImg-big\72.jpg | use img D:\Github\GardenImgDB\__72.jpg to D:\Github\GardenImgDB\__72.jpg
30-Dec-2023 04:35:10 remove D:\Github\GardenImgDB\__72.jpg!
30-Dec-2023 04:35:10 log: ref:__77 fix:72 key:15000 factor:0.005
30-Dec-2023 04:35:14 [D:\Github\GardenImgDB\__72.jpg] created!
30-Dec-2023 04:38:03 remove D:\Github\GardenImgDB\__72.jpg!
30-Dec-2023 04:38:03 R__77/72/key:25000/fac:0.005
30-Dec-2023 04:38:08 [D:\Github\GardenImgDB\__72.jpg] created!
30-Dec-2023 04:39:06 remove D:\Github\GardenImgDB\__72.jpg!
30-Dec-2023 04:39:06 R-__77 f-72 key-35000 fac-0.005
30-Dec-2023 04:39:11 [D:\Github\GardenImgDB\__72.jpg] created!
30-Dec-2023 04:39:19 remove D:\Github\GardenImgDB\__72.jpg!
30-Dec-2023 04:39:19 R-__77 f-72 key-15000 fac-0.004
30-Dec-2023 04:39:21 [D:\Github\GardenImgDB\__72.jpg] created!
30-Dec-2023 04:40:30 remove D:\Github\GardenImgDB\__72.jpg!
30-Dec-2023 04:40:30 ref=__77=>72 key-25000 fac-0.001
30-Dec-2023 04:40:35 [D:\Github\GardenImgDB\__72.jpg] created!
30-Dec-2023 04:42:42 ref:'__77' fix:'72' key:25000 fac:0.005
30-Dec-2023 04:42:47 [D:\Github\GardenImgDB\__72.jpg] created!
30-Dec-2023 04:43:26 remove D:\Github\GardenImgDB\__72.jpg!
30-Dec-2023 04:43:26 ref:'__77' fix:'72' key:16000 fac:0.005
30-Dec-2023 04:43:30 [D:\Github\GardenImgDB\__72.jpg] created!
30-Dec-2023 04:44:19 remove D:\Github\GardenImgDB\__72.jpg!
30-Dec-2023 04:44:19 ref:'__77' fix:'72' key:16000 fac:0.005
30-Dec-2023 04:44:22 [D:\Github\GardenImgDB\__72.jpg] created!
30-Dec-2023 04:45:47 remove D:\Github\GardenImgDB\__72.jpg!
30-Dec-2023 04:45:47 ref:'__49' fix:'72' key:16000 fac:0.005
30-Dec-2023 04:45:51 [D:\Github\GardenImgDB\__72.jpg] created!
30-Dec-2023 04:46:01 remove D:\Github\GardenImgDB\__72.jpg!
30-Dec-2023 04:46:01 ref:'__49' fix:'72' key:26000 fac:0.001
30-Dec-2023 04:46:06 [D:\Github\GardenImgDB\__72.jpg] created!
30-Dec-2023 04:46:13 remove D:\Github\GardenImgDB\__72.jpg!
30-Dec-2023 04:46:13 ref:'__49' fix:'72' key:13000 fac:0.001
30-Dec-2023 04:46:16 [D:\Github\GardenImgDB\__72.jpg] created!
30-Dec-2023 04:46:21 remove D:\Github\GardenImgDB\__72.jpg!
30-Dec-2023 04:46:21 ref:'__49' fix:'72' key:13000 fac:0.01
30-Dec-2023 04:46:24 [D:\Github\GardenImgDB\__72.jpg] created!
30-Dec-2023 04:47:04 remove D:\Github\GardenImgDB\__72.jpg!
30-Dec-2023 04:47:04 ref:'__72' fix:'73' key:13000 fac:0.01
30-Dec-2023 04:47:08 [D:\Github\GardenImgDB\__73.jpg] created!
30-Dec-2023 05:13:32 ref:'__77' fix:'78test' key:13000 fac:0.01
30-Dec-2023 05:13:36 [D:\Github\GardenImgDB\__78test.jpg] created!
30-Dec-2023 05:20:31 move'D:\Github\GardenImgDB\P-Original-resized\78test (2).jpg to D:\Github\GardenImgDB\ImageDB\Original\78.jpg'
30-Dec-2023 05:20:31 No *.webp found in D:\Github\GardenImgDB!!!
30-Dec-2023 05:20:59 No *.jpg found in D:\Github\GardenImgDB\P-Original-resized!!!
30-Dec-2023 05:20:59 move'D:\Github\GardenImgDB\__78test.webp to D:\Github\GardenImgDB\P-FixingImg-big\79.jpg'
30-Dec-2023 05:21:16 No *.jpg found in D:\Github\GardenImgDB\P-Original-resized!!!
30-Dec-2023 05:21:16 No *.webp found in D:\Github\GardenImgDB!!!
30-Dec-2023 21:37:29 fixing: ref: '__77' fix: '78' key: '13000' fac: '0.01'
30-Dec-2023 21:37:32 [D:\Github\GardenImgDB\__78.jpg] created!
30-Dec-2023 21:38:22 move'D:\Github\GardenImgDB\P-Original-resized\DJI_0436 (2).jpg to D:\Github\GardenImgDB\ImageDB\Original\78.jpg'
30-Dec-2023 21:38:22 move'D:\Github\GardenImgDB\__78.webp to D:\Github\GardenImgDB\ImageDB\Fixed\__78.webp'
30-Dec-2023 21:39:14 No *.jpg found in D:\Github\GardenImgDB\P-Original-resized!!!
30-Dec-2023 21:39:14 move'D:\Github\GardenImgDB\__78.webp to D:\Github\GardenImgDB\ImageDB\Fixed\__78.webp'
31-Dec-2023 15:09:01 fixing: ref: '__DJI_0508' fix: 'DJI_0536' key: '13000' fac: '0.01'
31-Dec-2023 15:09:06 [D:\Github\GardenImgDB\__DJI_0536.jpg] created!
31-Dec-2023 15:24:23 fixing: ref: '__77' fix: 'DJI_0536' key: '13000' fac: '0.01'
31-Dec-2023 15:24:26 [D:\Github\GardenImgDB\__DJI_0536.jpg] created!
31-Dec-2023 20:52:10 fixing: ref: '__77' fix: 'DJI_0537' key: '13000' fac: '0.01'
31-Dec-2023 20:52:14 [D:\Github\GardenImgDB\__DJI_0537.jpg] created!
31-Dec-2023 20:52:38 move'D:\Github\GardenImgDB\P-Original-resized\DJI_0537 (2).jpg to D:\Github\GardenImgDB\ImageDB\Original\79.jpg'
31-Dec-2023 20:52:38 move'D:\Github\GardenImgDB\__DJI_0537.webp to D:\Github\GardenImgDB\ImageDB\Fixed\__79.webp'
31-Dec-2023 20:53:40 fixing: ref: '__77' fix: 'DJI_0537' key: '23000' fac: '0.01'
31-Dec-2023 20:53:43 [D:\Github\GardenImgDB\__DJI_0537.jpg] created!
31-Dec-2023 20:54:22 No *.jpg found in D:\Github\GardenImgDB\P-Original-resized!!!
31-Dec-2023 20:54:22 move'D:\Github\GardenImgDB\__DJI_0537.webp to D:\Github\GardenImgDB\ImageDB\Fixed\__79.webp'
23-Apr-2024 20:22:25 fixing: ref: '__77' fix: '80' key: '23000' fac: '0.01'
23-Apr-2024 20:22:28 [D:\Github\GardenImgDB\__80.jpg] created!
23-Apr-2024 20:24:54 ref:None / to_fix:D:\Github\GardenImgDB\P-FixingImg-big\80.jpg one of this is NONE
23-Apr-2024 20:25:37 fixing: ref: '__78' fix: '80' key: '23000' fac: '0.01'
23-Apr-2024 20:25:40 [D:\Github\GardenImgDB\__80.jpg] created!
23-Apr-2024 21:14:17 fixing: ref: '__79' fix: '80 (2)' key: '22000' fac: '0.01'
23-Apr-2024 21:14:19 [D:\Github\GardenImgDB\__80 (2).jpg] created!
23-Apr-2024 21:15:07 fixing: ref: '__79' fix: '80 (2)' key: '23000' fac: '0.01'
23-Apr-2024 21:15:09 [D:\Github\GardenImgDB\__80 (2).jpg] created!
23-Apr-2024 21:15:28 fixing: ref: '__79' fix: '80 (2)' key: '20000' fac: '0.01'
23-Apr-2024 21:15:29 [D:\Github\GardenImgDB\__80 (2).jpg] created! // this is the best at key: 20,000
